<?xml version="1.0"?>
<testsuites>
 <testsuite name="SaveApt_script" package="Demo.suite" timestamp="2018-09-08 18:17:11.673 -0400"
 tests="1"  failures="1" errors="1" time="137.544025">
  <properties>
   <property name="RunDate" value="2018-09-08 18:17:11.673 -0400"/>
   <property name="Status" value="Failure"/>
  </properties>
  <testcase name="SaveApt.script" assertions="1" status="error"  time="137.542002">
    <failure type="FAILURE" message="Image Not Found click Error - No Image Found On Screen: &quot;Save&quot; -- Execution Time 0:02:17 SaveApt.script" />
    <error type="Exception" message="No Image Found On Screen: &quot;Save&quot;" />
  </testcase>
 </testsuite>
</testsuites>
