<?xml version="1.0"?>
<testsuites>
 <testsuite name="VerifyApt_script" package="Demo.suite" timestamp="2018-08-28 16:59:07.277 -0400"
 tests="1"  failures="1" errors="1" time="1.628787">
  <properties>
   <property name="RunDate" value="2018-08-28 16:59:07.277 -0400"/>
   <property name="Status" value="Failure"/>
  </properties>
  <testcase name="VerifyApt.script" assertions="1" status="error"  time="1.62695">
    <failure type="FAILURE" message="Image Not Found waitfor Error - Image Property List did not contain &quot;ImageName&quot; property  Restricted Search Rectangle ((55,573),(1906,703))\n -- Execution Time 0:00:01 VerifyApt.script" />
    <error type="Exception" message="Image Property List did not contain &quot;ImageName&quot; property" />
  </testcase>
 </testsuite>
</testsuites>
