<?xml version="1.0"?>
<testsuites>
 <testsuite name="SaveAptAsWalkIn_script" package="Demo.suite" timestamp="2018-09-05 10:26:39.439 -0400"
 tests="1"  failures="0" errors="0" time="146.468987">
  <properties>
   <property name="RunDate" value="2018-09-05 10:26:39.439 -0400"/>
   <property name="Status" value="Aborted"/>
  </properties>
  <testcase name="SaveAptAsWalkIn.script" assertions="1" status="failure"  time="146.467004">
    <failure type="FAILURE" message="See main script" />
  </testcase>
 </testsuite>
</testsuites>
