<?xml version="1.0"?>
<testsuites>
 <testsuite name="SaveAptAsWalkIn_script" package="Demo.suite" timestamp="2018-09-05 10:44:32.472 -0400"
 tests="1"  failures="1" errors="1" time="220.426060">
  <properties>
   <property name="RunDate" value="2018-09-05 10:44:32.472 -0400"/>
   <property name="Status" value="Failure"/>
  </properties>
  <testcase name="SaveAptAsWalkIn.script" assertions="1" status="error"  time="220.421696">
    <failure type="FAILURE" message="File Not Found imagefound Error - Could Not Open Image: SlotAlreadyUsed -- Execution Time 0:03:40 SaveAptAsWalkIn.script" />
    <error type="Exception" message="Could Not Open Image: SlotAlreadyUsed" />
  </testcase>
 </testsuite>
</testsuites>
