<?xml version="1.0"?>
<testsuites>
 <testsuite name="SelectProvider_script" package="Demo.suite" timestamp="2018-09-07 16:43:07.948 -0400"
 tests="1"  failures="1" errors="1" time="4.478610">
  <properties>
   <property name="RunDate" value="2018-09-07 16:43:07.948 -0400"/>
   <property name="Status" value="Failure"/>
  </properties>
  <testcase name="SelectProvider.script" assertions="1" status="error"  time="4.476067">
    <failure type="FAILURE" message="Error Running Script Command click Error - Image Property List did not contain &quot;ImageName&quot; property -- Execution Time 0:00:04 SelectProvider.script" />
    <error type="Exception" message="Image Property List did not contain &quot;ImageName&quot; property" />
  </testcase>
 </testsuite>
</testsuites>
