<?xml version="1.0"?>
<testsuites>
 <testsuite name="VerifyApt_script" package="Demo.suite" timestamp="2018-08-29 09:42:42.702 -0400"
 tests="1"  failures="1" errors="1" time="87.843421">
  <properties>
   <property name="RunDate" value="2018-08-29 09:42:42.702 -0400"/>
   <property name="Status" value="Failure"/>
  </properties>
  <testcase name="VerifyApt.script" assertions="1" status="error"  time="87.841657">
    <failure type="FAILURE" message="Image Not Found waitfor Error - Unable To Find Any Image On Screen &quot;(TEXT:&quot;Doe, Jane&quot;)&quot; within 5.00 seconds  Restricted Search Rectangle ((156,590),(1804,654))\n -- Execution Time 0:01:27 VerifyApt.script" />
    <error type="Exception" message="Unable To Find Any Image On Screen &quot;(TEXT:&quot;Doe, Jane&quot;)&quot; within 5.00 seconds" />
  </testcase>
 </testsuite>
</testsuites>
