<?xml version="1.0"?>
<testsuites>
 <testsuite name="CreateApt_script" package="Demo.suite" timestamp="2018-09-08 18:10:48.760 -0400"
 tests="1"  failures="1" errors="0" time="96.580745">
  <properties>
   <property name="RunDate" value="2018-09-08 18:10:48.760 -0400"/>
   <property name="Status" value="Failure"/>
  </properties>
  <testcase name="CreateApt.script" assertions="1" status="failure"  time="96.578677">
    <failure type="FAILURE" message="Image Not Found set Error - Unable To Find Image: apointmentPopUp_A  Restricted Search Rectangle ((655,535),(2047,955))\n -- Execution Time 0:01:36 CreateApt.script" />
  </testcase>
 </testsuite>
</testsuites>
