<?xml version="1.0"?>
<testsuites>
 <testsuite name="Edit Apt Time_script" package="Demo.suite" timestamp="2018-09-08 18:13:49.204 -0400"
 tests="1"  failures="1" errors="1" time="138.619211">
  <properties>
   <property name="RunDate" value="2018-09-08 18:13:49.204 -0400"/>
   <property name="Status" value="Failure"/>
  </properties>
  <testcase name="Edit Apt Time.script" assertions="1" status="error"  time="138.616986">
    <failure type="FAILURE" message="Image Not Found click Error - No Image Found On Screen: &quot;Appointment&quot; -- Execution Time 0:02:18 Edit Apt Time.script" />
    <error type="Exception" message="No Image Found On Screen: &quot;Appointment&quot;" />
  </testcase>
 </testsuite>
</testsuites>
