<?xml version="1.0"?>
<testsuites>
 <testsuite name="SaveAptAsWalkIn_script" package="Demo.suite" timestamp="2018-09-05 16:54:32.688 -0400"
 tests="1"  failures="1" errors="1" time="9.697374">
  <properties>
   <property name="RunDate" value="2018-09-05 16:54:32.688 -0400"/>
   <property name="Status" value="Failure"/>
  </properties>
  <testcase name="SaveAptAsWalkIn.script" assertions="1" status="error"  time="9.694325">
    <failure type="FAILURE" message="File Not Found click Error - Could Not Open Image: IT -- Execution Time 0:00:09 SaveAptAsWalkIn.script" />
    <error type="Exception" message="Could Not Open Image: IT" />
  </testcase>
 </testsuite>
</testsuites>
