<?xml version="1.0"?>
<testsuites>
 <testsuite name="SaveApt_script" package="Demo.suite" timestamp="2018-09-08 18:01:37.995 -0400"
 tests="1"  failures="1" errors="1" time="22.413099">
  <properties>
   <property name="RunDate" value="2018-09-08 18:01:37.995 -0400"/>
   <property name="Status" value="Failure"/>
  </properties>
  <testcase name="SaveApt.script" assertions="1" status="error"  time="22.411235">
    <failure type="FAILURE" message="Image Not Found click Error - No Image Found On Screen: &quot;Save&quot; -- Execution Time 0:00:22 SaveApt.script" />
    <error type="Exception" message="No Image Found On Screen: &quot;Save&quot;" />
  </testcase>
 </testsuite>
</testsuites>
