<?xml version="1.0"?>
<testsuites>
 <testsuite name="SaveAptAsWalkIn_script" package="Demo.suite" timestamp="2018-08-29 11:57:02.636 -0400"
 tests="1"  failures="1" errors="1" time="4.866235">
  <properties>
   <property name="RunDate" value="2018-08-29 11:57:02.636 -0400"/>
   <property name="Status" value="Failure"/>
  </properties>
  <testcase name="SaveAptAsWalkIn.script" assertions="1" status="error"  time="4.864467">
    <failure type="FAILURE" message="File Not Found imagefound Error - Could Not Open Image: SlotAlreadyUsed -- Execution Time 0:00:04 SaveAptAsWalkIn.script" />
    <error type="Exception" message="Could Not Open Image: SlotAlreadyUsed" />
  </testcase>
 </testsuite>
</testsuites>
