<?xml version="1.0"?>
<testsuites>
 <testsuite name="CreateApt_script" package="Demo.suite" timestamp="2018-09-05 17:22:10.803 -0400"
 tests="1"  failures="1" errors="1" time="94.406224">
  <properties>
   <property name="RunDate" value="2018-09-05 17:22:10.803 -0400"/>
   <property name="Status" value="Failure"/>
  </properties>
  <testcase name="CreateApt.script" assertions="1" status="error"  time="94.404075">
    <failure type="FAILURE" message="Image Not Found click Error - No Image Found On Screen: &quot;patient&quot;  Restricted Search Rectangle ((555,276),(2157,1607))\n -- Execution Time 0:01:34 CreateApt.script" />
    <error type="Exception" message="No Image Found On Screen: &quot;patient&quot;" />
  </testcase>
 </testsuite>
</testsuites>
