<?xml version="1.0"?>
<testsuites>
 <testsuite name="CreateApt_script" package="Demo.suite" timestamp="2018-09-05 13:54:47.427 -0400"
 tests="1"  failures="1" errors="1" time="113.234707">
  <properties>
   <property name="RunDate" value="2018-09-05 13:54:47.427 -0400"/>
   <property name="Status" value="Failure"/>
  </properties>
  <testcase name="CreateApt.script" assertions="1" status="error"  time="113.232619">
    <failure type="FAILURE" message="Error Running Script Command click Error - Image Property List did not contain &quot;ImageName&quot; property -- Execution Time 0:01:53 CreateApt.script" />
    <error type="Exception" message="Image Property List did not contain &quot;ImageName&quot; property" />
  </testcase>
 </testsuite>
</testsuites>
