<?xml version="1.0"?>
<testsuites>
 <testsuite name="SaveApt_script" package="Demo.suite" timestamp="2018-09-08 17:31:21.808 -0400"
 tests="1"  failures="1" errors="0" time="0.002401">
  <properties>
   <property name="RunDate" value="2018-09-08 17:31:21.808 -0400"/>
   <property name="Status" value="Failure"/>
  </properties>
  <testcase name="SaveApt.script" assertions="1" status="failure"  time="0.000487">
    <failure type="FAILURE" message="SenseTalk Compiler Exception in saveapt:\nSyntax Error at line 6: Syntax Error - can't understand &quot;end&quot; at or near character 78 -- Execution Time 0:00:00 SaveApt.script" />
  </testcase>
 </testsuite>
</testsuites>
