<?xml version="1.0"?>
<testsuites>
 <testsuite name="SaveApt_script" package="Demo.suite" timestamp="2018-09-08 18:06:40.130 -0400"
 tests="1"  failures="1" errors="1" time="176.151587">
  <properties>
   <property name="RunDate" value="2018-09-08 18:06:40.130 -0400"/>
   <property name="Status" value="Failure"/>
  </properties>
  <testcase name="SaveApt.script" assertions="1" status="error"  time="176.149345">
    <failure type="FAILURE" message="File Not Found click Error - Could Not Open Image: IT -- Execution Time 0:02:56 SaveApt.script" />
    <error type="Exception" message="Could Not Open Image: IT" />
  </testcase>
 </testsuite>
</testsuites>
